2021-05-15 14:22:09,983 INFO o.s.b.StartupInfoLogger [main] Starting TelegramBotMain using Java 11.0.9 on LAPTOP-MVK7B435 with PID 1248 (C:\Users\arsen\IdeaProjects\karmanchik-chtotib\bots\telegram-bot\target\classes started by arsen in C:\Users\arsen\IdeaProjects\karmanchik-chtotib)
2021-05-15 14:22:09,987 INFO o.s.b.SpringApplication [main] No active profile set, falling back to default profiles: default
2021-05-15 14:22:10,375 INFO o.s.d.r.c.RepositoryConfigurationDelegate [main] Bootstrapping Spring Data JPA repositories in DEFAULT mode.
2021-05-15 14:22:10,459 INFO o.s.d.r.c.RepositoryConfigurationDelegate [main] Finished Spring Data repository scanning in 74 ms. Found 6 JPA repository interfaces.
2021-05-15 14:22:10,815 INFO o.h.j.i.u.LogHelper [main] HHH000204: Processing PersistenceUnitInfo [name: default]
2021-05-15 14:22:10,858 INFO o.h.Version [main] HHH000412: Hibernate ORM core version 5.4.30.Final
2021-05-15 14:22:10,993 INFO o.h.a.c.r.j.JavaReflectionManager [main] HCANN000001: Hibernate Commons Annotations {5.1.2.Final}
2021-05-15 14:22:11,086 INFO c.z.h.HikariDataSource [main] HikariPool-1 - Starting...
2021-05-15 14:22:13,234 INFO c.z.h.HikariDataSource [main] HikariPool-1 - Start completed.
2021-05-15 14:22:13,247 INFO o.h.d.Dialect [main] HHH000400: Using dialect: org.hibernate.dialect.PostgreSQLDialect
2021-05-15 14:22:22,256 INFO o.h.e.t.j.p.i.JtaPlatformInitiator [main] HHH000490: Using JtaPlatform implementation: [org.hibernate.engine.transaction.jta.platform.internal.NoJtaPlatform]
2021-05-15 14:22:22,264 INFO o.s.o.j.AbstractEntityManagerFactoryBean [main] Initialized JPA EntityManagerFactory for persistence unit 'default'
2021-05-15 14:22:23,821 INFO o.s.b.StartupInfoLogger [main] Started TelegramBotMain in 14.263 seconds (JVM running for 15.735)
2021-05-15 14:22:52,469 INFO k.c.t.b.Bot [chtotibBot Telegram Executor] Получили новый update: Update(updateId=258914707, message=Message(messageId=9400, from=User(id=977606227, firstName=Арсений, isBot=false, lastName=Карманов, userName=l_karmanchik_l, languageCode=ru, canJoinGroups=null, canReadAllGroupMessages=null, supportInlineQueries=null), date=1621056172, chat=Chat(id=977606227, type=private, title=null, firstName=Арсений, lastName=Карманов, userName=l_karmanchik_l, allMembersAreAdministrators=null, photo=null, description=null, inviteLink=null, pinnedMessage=null, stickerSetName=null, canSetStickerSet=null, permissions=null, slowModeDelay=null, bio=null, linkedChatId=null, location=null, messageAutoDeleteTime=null), forwardFrom=null, forwardFromChat=null, forwardDate=null, text=4, entities=null, captionEntities=null, audio=null, document=null, photo=null, sticker=null, video=null, contact=null, location=null, venue=null, animation=null, pinnedMessage=null, newChatMembers=[], leftChatMember=null, newChatTitle=null, newChatPhoto=null, deleteChatPhoto=null, groupchatCreated=null, replyToMessage=null, voice=null, caption=null, superGroupCreated=null, channelChatCreated=null, migrateToChatId=null, migrateFromChatId=null, editDate=null, game=null, forwardFromMessageId=null, invoice=null, successfulPayment=null, videoNote=null, authorSignature=null, forwardSignature=null, mediaGroupId=null, connectedWebsite=null, passportData=null, forwardSenderName=null, poll=null, replyMarkup=null, dice=null, viaBot=null, senderChat=null, proximityAlertTriggered=null, messageAutoDeleteTimerChanged=null, voiceChatStarted=null, voiceChatEnded=null, voiceChatParticipantsInvited=null, voiceChatScheduled=null), inlineQuery=null, chosenInlineQuery=null, callbackQuery=null, editedMessage=null, channelPost=null, editedChannelPost=null, shippingQuery=null, preCheckoutQuery=null, poll=null, pollAnswer=null, myChatMember=null, chatMember=null)
2021-05-15 14:22:59,503 INFO k.c.t.b.UpdateReceiver [chtotibBot Telegram Executor] ChatUser - ChatUser{id=103446, chatId=977606227, userName='l_karmanchik_l', botState=AUTHORIZED, userState=NONE, role=STUDENT}
2021-05-15 14:23:13,946 INFO k.c.t.b.Bot [chtotibBot Telegram Executor] Новый объект для отправки: SendMessage(chatId=977606227, text=Кто ты?, parseMode=html, disableWebPagePreview=null, disableNotification=null, replyToMessageId=null, replyMarkup=ReplyKeyboardMarkup(keyboard=[[KeyboardButton(text=Студент, requestContact=null, requestLocation=null, requestPoll=null), KeyboardButton(text=Педагог, requestContact=null, requestLocation=null, requestPoll=null)]], resizeKeyboard=true, oneTimeKeyboard=true, selective=false), entities=null, allowSendingWithoutReply=null)
2021-05-15 14:23:19,766 INFO k.c.t.b.Bot [chtotibBot Telegram Executor] Получили новый update: Update(updateId=258914708, message=Message(messageId=9402, from=User(id=977606227, firstName=Арсений, isBot=false, lastName=Карманов, userName=l_karmanchik_l, languageCode=ru, canJoinGroups=null, canReadAllGroupMessages=null, supportInlineQueries=null), date=1621056200, chat=Chat(id=977606227, type=private, title=null, firstName=Арсений, lastName=Карманов, userName=l_karmanchik_l, allMembersAreAdministrators=null, photo=null, description=null, inviteLink=null, pinnedMessage=null, stickerSetName=null, canSetStickerSet=null, permissions=null, slowModeDelay=null, bio=null, linkedChatId=null, location=null, messageAutoDeleteTime=null), forwardFrom=null, forwardFromChat=null, forwardDate=null, text=Студент, entities=null, captionEntities=null, audio=null, document=null, photo=null, sticker=null, video=null, contact=null, location=null, venue=null, animation=null, pinnedMessage=null, newChatMembers=[], leftChatMember=null, newChatTitle=null, newChatPhoto=null, deleteChatPhoto=null, groupchatCreated=null, replyToMessage=null, voice=null, caption=null, superGroupCreated=null, channelChatCreated=null, migrateToChatId=null, migrateFromChatId=null, editDate=null, game=null, forwardFromMessageId=null, invoice=null, successfulPayment=null, videoNote=null, authorSignature=null, forwardSignature=null, mediaGroupId=null, connectedWebsite=null, passportData=null, forwardSenderName=null, poll=null, replyMarkup=null, dice=null, viaBot=null, senderChat=null, proximityAlertTriggered=null, messageAutoDeleteTimerChanged=null, voiceChatStarted=null, voiceChatEnded=null, voiceChatParticipantsInvited=null, voiceChatScheduled=null), inlineQuery=null, chosenInlineQuery=null, callbackQuery=null, editedMessage=null, channelPost=null, editedChannelPost=null, shippingQuery=null, preCheckoutQuery=null, poll=null, pollAnswer=null, myChatMember=null, chatMember=null)
2021-05-15 14:23:23,217 INFO k.c.t.b.UpdateReceiver [chtotibBot Telegram Executor] ChatUser - ChatUser{id=103446, chatId=977606227, userName='l_karmanchik_l', botState=REG, userState=SELECT_ROLE, role=STUDENT}
2021-05-15 14:23:30,673 INFO k.c.t.b.Bot [chtotibBot Telegram Executor] Получили новый update: Update(updateId=258914709, message=Message(messageId=9403, from=User(id=977606227, firstName=Арсений, isBot=false, lastName=Карманов, userName=l_karmanchik_l, languageCode=ru, canJoinGroups=null, canReadAllGroupMessages=null, supportInlineQueries=null), date=1621056211, chat=Chat(id=977606227, type=private, title=null, firstName=Арсений, lastName=Карманов, userName=l_karmanchik_l, allMembersAreAdministrators=null, photo=null, description=null, inviteLink=null, pinnedMessage=null, stickerSetName=null, canSetStickerSet=null, permissions=null, slowModeDelay=null, bio=null, linkedChatId=null, location=null, messageAutoDeleteTime=null), forwardFrom=null, forwardFromChat=null, forwardDate=null, text=Студент, entities=null, captionEntities=null, audio=null, document=null, photo=null, sticker=null, video=null, contact=null, location=null, venue=null, animation=null, pinnedMessage=null, newChatMembers=[], leftChatMember=null, newChatTitle=null, newChatPhoto=null, deleteChatPhoto=null, groupchatCreated=null, replyToMessage=null, voice=null, caption=null, superGroupCreated=null, channelChatCreated=null, migrateToChatId=null, migrateFromChatId=null, editDate=null, game=null, forwardFromMessageId=null, invoice=null, successfulPayment=null, videoNote=null, authorSignature=null, forwardSignature=null, mediaGroupId=null, connectedWebsite=null, passportData=null, forwardSenderName=null, poll=null, replyMarkup=null, dice=null, viaBot=null, senderChat=null, proximityAlertTriggered=null, messageAutoDeleteTimerChanged=null, voiceChatStarted=null, voiceChatEnded=null, voiceChatParticipantsInvited=null, voiceChatScheduled=null), inlineQuery=null, chosenInlineQuery=null, callbackQuery=null, editedMessage=null, channelPost=null, editedChannelPost=null, shippingQuery=null, preCheckoutQuery=null, poll=null, pollAnswer=null, myChatMember=null, chatMember=null)
2021-05-15 14:23:36,316 INFO k.c.t.b.UpdateReceiver [chtotibBot Telegram Executor] ChatUser - ChatUser{id=103446, chatId=977606227, userName='l_karmanchik_l', botState=REG, userState=SELECT_COURSE, role=STUDENT}
2021-05-15 15:08:27,681 WARN c.z.h.p.HikariPool$HouseKeeper [HikariPool-1 housekeeper] HikariPool-1 - Thread starvation or clock leap detected (housekeeper delta=45m14s330ms991µs500ns).
2021-05-15 15:08:27,787 INFO o.s.o.j.AbstractEntityManagerFactoryBean [SpringContextShutdownHook] Closing JPA EntityManagerFactory for persistence unit 'default'
2021-05-15 15:08:27,800 INFO c.z.h.HikariDataSource [SpringContextShutdownHook] HikariPool-1 - Shutdown initiated...
2021-05-15 15:08:29,936 INFO c.z.h.HikariDataSource [SpringContextShutdownHook] HikariPool-1 - Shutdown completed.
2021-05-15 15:08:49,266 INFO o.s.b.StartupInfoLogger [main] Starting TelegramBotMain using Java 11.0.9 on LAPTOP-MVK7B435 with PID 1444 (C:\Users\arsen\IdeaProjects\karmanchik-chtotib\bots\telegram-bot\target\classes started by arsen in C:\Users\arsen\IdeaProjects\karmanchik-chtotib)
2021-05-15 15:08:49,270 INFO o.s.b.SpringApplication [main] No active profile set, falling back to default profiles: default
2021-05-15 15:08:49,570 INFO o.s.d.r.c.RepositoryConfigurationDelegate [main] Bootstrapping Spring Data JPA repositories in DEFAULT mode.
2021-05-15 15:08:49,626 INFO o.s.d.r.c.RepositoryConfigurationDelegate [main] Finished Spring Data repository scanning in 49 ms. Found 6 JPA repository interfaces.
2021-05-15 15:08:49,927 INFO o.h.j.i.u.LogHelper [main] HHH000204: Processing PersistenceUnitInfo [name: default]
2021-05-15 15:08:49,966 INFO o.h.Version [main] HHH000412: Hibernate ORM core version 5.4.30.Final
2021-05-15 15:08:50,059 INFO o.h.a.c.r.j.JavaReflectionManager [main] HCANN000001: Hibernate Commons Annotations {5.1.2.Final}
2021-05-15 15:08:50,148 INFO c.z.h.HikariDataSource [main] HikariPool-1 - Starting...
2021-05-15 15:08:52,329 INFO c.z.h.HikariDataSource [main] HikariPool-1 - Start completed.
2021-05-15 15:08:52,343 INFO o.h.d.Dialect [main] HHH000400: Using dialect: org.hibernate.dialect.PostgreSQLDialect
2021-05-15 15:09:01,726 INFO o.h.e.t.j.p.i.JtaPlatformInitiator [main] HHH000490: Using JtaPlatform implementation: [org.hibernate.engine.transaction.jta.platform.internal.NoJtaPlatform]
2021-05-15 15:09:01,733 INFO o.s.o.j.AbstractEntityManagerFactoryBean [main] Initialized JPA EntityManagerFactory for persistence unit 'default'
2021-05-15 15:09:02,901 INFO o.s.b.StartupInfoLogger [main] Started TelegramBotMain in 14.022 seconds (JVM running for 15.261)
2021-05-15 15:09:07,374 INFO k.c.t.b.Bot [chtotibBot Telegram Executor] Получили новый update: Update(updateId=258914716, message=Message(messageId=9411, from=User(id=977606227, firstName=Арсений, isBot=false, lastName=Карманов, userName=l_karmanchik_l, languageCode=ru, canJoinGroups=null, canReadAllGroupMessages=null, supportInlineQueries=null), date=1621058947, chat=Chat(id=977606227, type=private, title=null, firstName=Арсений, lastName=Карманов, userName=l_karmanchik_l, allMembersAreAdministrators=null, photo=null, description=null, inviteLink=null, pinnedMessage=null, stickerSetName=null, canSetStickerSet=null, permissions=null, slowModeDelay=null, bio=null, linkedChatId=null, location=null, messageAutoDeleteTime=null), forwardFrom=null, forwardFromChat=null, forwardDate=null, text=Студент, entities=null, captionEntities=null, audio=null, document=null, photo=null, sticker=null, video=null, contact=null, location=null, venue=null, animation=null, pinnedMessage=null, newChatMembers=[], leftChatMember=null, newChatTitle=null, newChatPhoto=null, deleteChatPhoto=null, groupchatCreated=null, replyToMessage=null, voice=null, caption=null, superGroupCreated=null, channelChatCreated=null, migrateToChatId=null, migrateFromChatId=null, editDate=null, game=null, forwardFromMessageId=null, invoice=null, successfulPayment=null, videoNote=null, authorSignature=null, forwardSignature=null, mediaGroupId=null, connectedWebsite=null, passportData=null, forwardSenderName=null, poll=null, replyMarkup=null, dice=null, viaBot=null, senderChat=null, proximityAlertTriggered=null, messageAutoDeleteTimerChanged=null, voiceChatStarted=null, voiceChatEnded=null, voiceChatParticipantsInvited=null, voiceChatScheduled=null), inlineQuery=null, chosenInlineQuery=null, callbackQuery=null, editedMessage=null, channelPost=null, editedChannelPost=null, shippingQuery=null, preCheckoutQuery=null, poll=null, pollAnswer=null, myChatMember=null, chatMember=null)
2021-05-15 15:09:08,078 INFO k.c.t.b.UpdateReceiver [chtotibBot Telegram Executor] ChatUser - ChatUser{id=103446, chatId=977606227, userName='l_karmanchik_l', botState=REG, userState=SELECT_COURSE, role=STUDENT}
2021-05-15 15:09:18,301 INFO k.c.t.b.Bot [chtotibBot Telegram Executor] Получили новый update: Update(updateId=258914717, message=Message(messageId=9412, from=User(id=977606227, firstName=Арсений, isBot=false, lastName=Карманов, userName=l_karmanchik_l, languageCode=ru, canJoinGroups=null, canReadAllGroupMessages=null, supportInlineQueries=null), date=1621058958, chat=Chat(id=977606227, type=private, title=null, firstName=Арсений, lastName=Карманов, userName=l_karmanchik_l, allMembersAreAdministrators=null, photo=null, description=null, inviteLink=null, pinnedMessage=null, stickerSetName=null, canSetStickerSet=null, permissions=null, slowModeDelay=null, bio=null, linkedChatId=null, location=null, messageAutoDeleteTime=null), forwardFrom=null, forwardFromChat=null, forwardDate=null, text=I, entities=null, captionEntities=null, audio=null, document=null, photo=null, sticker=null, video=null, contact=null, location=null, venue=null, animation=null, pinnedMessage=null, newChatMembers=[], leftChatMember=null, newChatTitle=null, newChatPhoto=null, deleteChatPhoto=null, groupchatCreated=null, replyToMessage=null, voice=null, caption=null, superGroupCreated=null, channelChatCreated=null, migrateToChatId=null, migrateFromChatId=null, editDate=null, game=null, forwardFromMessageId=null, invoice=null, successfulPayment=null, videoNote=null, authorSignature=null, forwardSignature=null, mediaGroupId=null, connectedWebsite=null, passportData=null, forwardSenderName=null, poll=null, replyMarkup=null, dice=null, viaBot=null, senderChat=null, proximityAlertTriggered=null, messageAutoDeleteTimerChanged=null, voiceChatStarted=null, voiceChatEnded=null, voiceChatParticipantsInvited=null, voiceChatScheduled=null), inlineQuery=null, chosenInlineQuery=null, callbackQuery=null, editedMessage=null, channelPost=null, editedChannelPost=null, shippingQuery=null, preCheckoutQuery=null, poll=null, pollAnswer=null, myChatMember=null, chatMember=null)
2021-05-15 15:09:18,938 INFO k.c.t.b.UpdateReceiver [chtotibBot Telegram Executor] ChatUser - ChatUser{id=103446, chatId=977606227, userName='l_karmanchik_l', botState=REG, userState=SELECT_COURSE, role=STUDENT}
2021-05-15 15:09:18,942 ERROR k.c.t.b.h.RegistrationHandler [chtotibBot Telegram Executor] null
java.lang.NullPointerException: null
	at karmanchik.chtotib.telegrambot.bot.helper.Helper.selectGroup(Helper.java:141) ~[classes/:?]
	at karmanchik.chtotib.telegrambot.bot.handler.RegistrationHandler.handle(RegistrationHandler.java:45) ~[classes/:?]
	at karmanchik.chtotib.telegrambot.bot.UpdateReceiver.handle(UpdateReceiver.java:45) ~[classes/:?]
	at karmanchik.chtotib.telegrambot.bot.Bot.lambda$onUpdatesReceived$0(Bot.java:44) ~[classes/:?]
	at java.util.stream.ForEachOps$ForEachOp$OfRef.accept(ForEachOps.java:183) [?:?]
	at java.util.ArrayList$ArrayListSpliterator.forEachRemaining(ArrayList.java:1655) [?:?]
	at java.util.stream.AbstractPipeline.copyInto(AbstractPipeline.java:484) [?:?]
	at java.util.stream.ForEachOps$ForEachTask.compute(ForEachOps.java:290) [?:?]
	at java.util.concurrent.CountedCompleter.exec(CountedCompleter.java:746) [?:?]
	at java.util.concurrent.ForkJoinTask.doExec(ForkJoinTask.java:290) [?:?]
	at java.util.concurrent.ForkJoinTask.doInvoke(ForkJoinTask.java:408) [?:?]
	at java.util.concurrent.ForkJoinTask.invoke(ForkJoinTask.java:736) [?:?]
	at java.util.stream.ForEachOps$ForEachOp.evaluateParallel(ForEachOps.java:159) [?:?]
	at java.util.stream.ForEachOps$ForEachOp$OfRef.evaluateParallel(ForEachOps.java:173) [?:?]
	at java.util.stream.AbstractPipeline.evaluate(AbstractPipeline.java:233) [?:?]
	at java.util.stream.ReferencePipeline.forEach(ReferencePipeline.java:497) [?:?]
	at java.util.stream.ReferencePipeline$Head.forEach(ReferencePipeline.java:661) [?:?]
	at karmanchik.chtotib.telegrambot.bot.Bot.onUpdatesReceived(Bot.java:42) [classes/:?]
	at org.telegram.telegrambots.updatesreceivers.DefaultBotSession$HandlerThread.run(DefaultBotSession.java:317) [telegrambots-5.2.0.jar:?]
2021-05-15 15:09:18,950 INFO k.c.t.b.Bot [chtotibBot Telegram Executor] Новый объект для отправки: SendMessage(chatId=977606227, text=<b>Ошибка</b>: null, parseMode=html, disableWebPagePreview=null, disableNotification=null, replyToMessageId=null, replyMarkup=null, entities=null, allowSendingWithoutReply=null)
2021-05-15 15:10:01,238 INFO o.s.b.StartupInfoLogger [main] Starting TelegramBotMain using Java 11.0.9 on LAPTOP-MVK7B435 with PID 20108 (C:\Users\arsen\IdeaProjects\karmanchik-chtotib\bots\telegram-bot\target\classes started by arsen in C:\Users\arsen\IdeaProjects\karmanchik-chtotib)
2021-05-15 15:10:01,242 INFO o.s.b.SpringApplication [main] No active profile set, falling back to default profiles: default
2021-05-15 15:10:01,624 INFO o.s.d.r.c.RepositoryConfigurationDelegate [main] Bootstrapping Spring Data JPA repositories in DEFAULT mode.
2021-05-15 15:10:01,688 INFO o.s.d.r.c.RepositoryConfigurationDelegate [main] Finished Spring Data repository scanning in 55 ms. Found 6 JPA repository interfaces.
2021-05-15 15:10:02,021 INFO o.h.j.i.u.LogHelper [main] HHH000204: Processing PersistenceUnitInfo [name: default]
2021-05-15 15:10:02,063 INFO o.h.Version [main] HHH000412: Hibernate ORM core version 5.4.30.Final
2021-05-15 15:10:02,177 INFO o.h.a.c.r.j.JavaReflectionManager [main] HCANN000001: Hibernate Commons Annotations {5.1.2.Final}
2021-05-15 15:10:02,272 INFO c.z.h.HikariDataSource [main] HikariPool-1 - Starting...
2021-05-15 15:10:04,385 INFO c.z.h.HikariDataSource [main] HikariPool-1 - Start completed.
2021-05-15 15:10:04,398 INFO o.h.d.Dialect [main] HHH000400: Using dialect: org.hibernate.dialect.PostgreSQLDialect
2021-05-15 15:10:13,551 INFO o.h.e.t.j.p.i.JtaPlatformInitiator [main] HHH000490: Using JtaPlatform implementation: [org.hibernate.engine.transaction.jta.platform.internal.NoJtaPlatform]
2021-05-15 15:10:13,571 INFO o.s.o.j.AbstractEntityManagerFactoryBean [main] Initialized JPA EntityManagerFactory for persistence unit 'default'
2021-05-15 15:10:14,849 INFO o.s.b.StartupInfoLogger [main] Started TelegramBotMain in 14.051 seconds (JVM running for 15.78)
2021-05-15 15:10:21,715 INFO k.c.t.b.Bot [chtotibBot Telegram Executor] Получили новый update: Update(updateId=258914718, message=Message(messageId=9414, from=User(id=977606227, firstName=Арсений, isBot=false, lastName=Карманов, userName=l_karmanchik_l, languageCode=ru, canJoinGroups=null, canReadAllGroupMessages=null, supportInlineQueries=null), date=1621059022, chat=Chat(id=977606227, type=private, title=null, firstName=Арсений, lastName=Карманов, userName=l_karmanchik_l, allMembersAreAdministrators=null, photo=null, description=null, inviteLink=null, pinnedMessage=null, stickerSetName=null, canSetStickerSet=null, permissions=null, slowModeDelay=null, bio=null, linkedChatId=null, location=null, messageAutoDeleteTime=null), forwardFrom=null, forwardFromChat=null, forwardDate=null, text=I, entities=null, captionEntities=null, audio=null, document=null, photo=null, sticker=null, video=null, contact=null, location=null, venue=null, animation=null, pinnedMessage=null, newChatMembers=[], leftChatMember=null, newChatTitle=null, newChatPhoto=null, deleteChatPhoto=null, groupchatCreated=null, replyToMessage=null, voice=null, caption=null, superGroupCreated=null, channelChatCreated=null, migrateToChatId=null, migrateFromChatId=null, editDate=null, game=null, forwardFromMessageId=null, invoice=null, successfulPayment=null, videoNote=null, authorSignature=null, forwardSignature=null, mediaGroupId=null, connectedWebsite=null, passportData=null, forwardSenderName=null, poll=null, replyMarkup=null, dice=null, viaBot=null, senderChat=null, proximityAlertTriggered=null, messageAutoDeleteTimerChanged=null, voiceChatStarted=null, voiceChatEnded=null, voiceChatParticipantsInvited=null, voiceChatScheduled=null), inlineQuery=null, chosenInlineQuery=null, callbackQuery=null, editedMessage=null, channelPost=null, editedChannelPost=null, shippingQuery=null, preCheckoutQuery=null, poll=null, pollAnswer=null, myChatMember=null, chatMember=null)
2021-05-15 15:10:25,075 INFO k.c.t.b.UpdateReceiver [chtotibBot Telegram Executor] ChatUser - ChatUser{id=103446, chatId=977606227, userName='l_karmanchik_l', botState=REG, userState=SELECT_COURSE, role=STUDENT}
2021-05-15 15:11:25,950 ERROR k.c.t.b.h.RegistrationHandler [chtotibBot Telegram Executor] null
java.lang.NullPointerException: null
	at karmanchik.chtotib.telegrambot.bot.helper.Helper.selectGroup(Helper.java:141) ~[classes/:?]
	at karmanchik.chtotib.telegrambot.bot.handler.RegistrationHandler.handle(RegistrationHandler.java:45) ~[classes/:?]
	at karmanchik.chtotib.telegrambot.bot.UpdateReceiver.handle(UpdateReceiver.java:45) ~[classes/:?]
	at karmanchik.chtotib.telegrambot.bot.Bot.lambda$onUpdatesReceived$0(Bot.java:44) ~[classes/:?]
	at java.util.stream.ForEachOps$ForEachOp$OfRef.accept(ForEachOps.java:183) [?:?]
	at java.util.ArrayList$ArrayListSpliterator.forEachRemaining(ArrayList.java:1655) [?:?]
	at java.util.stream.AbstractPipeline.copyInto(AbstractPipeline.java:484) [?:?]
	at java.util.stream.ForEachOps$ForEachTask.compute(ForEachOps.java:290) [?:?]
	at java.util.concurrent.CountedCompleter.exec(CountedCompleter.java:746) [?:?]
	at java.util.concurrent.ForkJoinTask.doExec$$$capture(ForkJoinTask.java:290) [?:?]
	at java.util.concurrent.ForkJoinTask.doExec(ForkJoinTask.java) [?:?]
	at java.util.concurrent.ForkJoinTask.doInvoke(ForkJoinTask.java:408) [?:?]
	at java.util.concurrent.ForkJoinTask.invoke(ForkJoinTask.java:736) [?:?]
	at java.util.stream.ForEachOps$ForEachOp.evaluateParallel(ForEachOps.java:159) [?:?]
	at java.util.stream.ForEachOps$ForEachOp$OfRef.evaluateParallel(ForEachOps.java:173) [?:?]
	at java.util.stream.AbstractPipeline.evaluate(AbstractPipeline.java:233) [?:?]
	at java.util.stream.ReferencePipeline.forEach(ReferencePipeline.java:497) [?:?]
	at java.util.stream.ReferencePipeline$Head.forEach(ReferencePipeline.java:661) [?:?]
	at karmanchik.chtotib.telegrambot.bot.Bot.onUpdatesReceived(Bot.java:42) [classes/:?]
	at org.telegram.telegrambots.updatesreceivers.DefaultBotSession$HandlerThread.run(DefaultBotSession.java:317) [telegrambots-5.2.0.jar:?]
2021-05-15 15:11:25,962 INFO k.c.t.b.Bot [chtotibBot Telegram Executor] Новый объект для отправки: SendMessage(chatId=977606227, text=<b>Ошибка</b>: null, parseMode=html, disableWebPagePreview=null, disableNotification=null, replyToMessageId=null, replyMarkup=null, entities=null, allowSendingWithoutReply=null)
2021-05-15 15:11:26,042 INFO o.s.o.j.AbstractEntityManagerFactoryBean [SpringContextShutdownHook] Closing JPA EntityManagerFactory for persistence unit 'default'
2021-05-15 15:11:26,046 INFO c.z.h.HikariDataSource [SpringContextShutdownHook] HikariPool-1 - Shutdown initiated...
2021-05-15 15:11:28,103 INFO c.z.h.HikariDataSource [SpringContextShutdownHook] HikariPool-1 - Shutdown completed.
