2021-06-17 17:23:09,887 INFO o.s.b.StartupInfoLogger [main] Starting RestServiceMain using Java 11.0.9 on LAPTOP-MVK7B435 with PID 4012 (C:\Users\arsen\IdeaProjects\karmanchik-chtotib\chtotib-web-app\rest-service\target\classes started by arsen in C:\Users\arsen\IdeaProjects\karmanchik-chtotib)
2021-06-17 17:23:09,895 INFO o.s.b.SpringApplication [main] No active profile set, falling back to default profiles: default
2021-06-17 17:23:10,483 INFO o.s.d.r.c.RepositoryConfigurationDelegate [main] Bootstrapping Spring Data JPA repositories in DEFAULT mode.
2021-06-17 17:23:10,614 INFO o.s.d.r.c.RepositoryConfigurationDelegate [main] Finished Spring Data repository scanning in 115 ms. Found 6 JPA repository interfaces.
2021-06-17 17:23:11,257 INFO o.s.b.w.e.t.TomcatWebServer [main] Tomcat initialized with port(s): 8080 (http)
2021-06-17 17:23:11,266 INFO o.a.j.l.DirectJDKLog [main] Initializing ProtocolHandler ["http-nio-8080"]
2021-06-17 17:23:11,266 INFO o.a.j.l.DirectJDKLog [main] Starting service [Tomcat]
2021-06-17 17:23:11,267 INFO o.a.j.l.DirectJDKLog [main] Starting Servlet engine: [Apache Tomcat/9.0.45]
2021-06-17 17:23:11,354 INFO o.a.j.l.DirectJDKLog [main] Initializing Spring embedded WebApplicationContext
2021-06-17 17:23:11,354 INFO o.s.b.w.s.c.ServletWebServerApplicationContext [main] Root WebApplicationContext: initialization completed in 1424 ms
2021-06-17 17:23:11,512 INFO o.h.j.i.u.LogHelper [main] HHH000204: Processing PersistenceUnitInfo [name: default]
2021-06-17 17:23:11,563 INFO o.h.Version [main] HHH000412: Hibernate ORM core version 5.4.30.Final
2021-06-17 17:23:11,775 INFO o.h.a.c.r.j.JavaReflectionManager [main] HCANN000001: Hibernate Commons Annotations {5.1.2.Final}
2021-06-17 17:23:12,022 INFO c.z.h.HikariDataSource [main] HikariPool-1 - Starting...
2021-06-17 17:23:16,320 INFO c.z.h.HikariDataSource [main] HikariPool-1 - Start completed.
2021-06-17 17:23:16,360 INFO o.h.d.Dialect [main] HHH000400: Using dialect: org.hibernate.dialect.PostgreSQLDialect
2021-06-17 17:23:36,979 INFO o.h.e.t.j.p.i.JtaPlatformInitiator [main] HHH000490: Using JtaPlatform implementation: [org.hibernate.engine.transaction.jta.platform.internal.NoJtaPlatform]
2021-06-17 17:23:37,004 INFO o.s.o.j.AbstractEntityManagerFactoryBean [main] Initialized JPA EntityManagerFactory for persistence unit 'default'
2021-06-17 17:23:38,318 INFO o.s.s.c.ExecutorConfigurationSupport [main] Initializing ExecutorService 'applicationTaskExecutor'
2021-06-17 17:23:38,422 INFO k.c.r.c.MyConfiguration [main] Create WebMvcConfigurer
2021-06-17 17:23:38,424 INFO k.c.r.c.RestConfiguration [main] Create WebMvcConfigurer
2021-06-17 17:23:38,516 INFO o.s.b.a.w.s.WelcomePageHandlerMapping [main] Adding welcome page: class path resource [static/index.html]
2021-06-17 17:23:38,685 INFO o.a.j.l.DirectJDKLog [main] Starting ProtocolHandler ["http-nio-8080"]
2021-06-17 17:23:38,706 INFO o.s.b.w.e.t.TomcatWebServer [main] Tomcat started on port(s): 8080 (http) with context path ''
2021-06-17 17:23:38,728 INFO o.s.b.StartupInfoLogger [main] Started RestServiceMain in 29.406 seconds (JVM running for 30.923)
2021-06-17 17:23:50,447 INFO o.a.j.l.DirectJDKLog [http-nio-8080-exec-1] Initializing Spring DispatcherServlet 'dispatcherServlet'
2021-06-17 17:23:50,447 INFO o.s.w.s.FrameworkServlet [http-nio-8080-exec-1] Initializing Servlet 'dispatcherServlet'
2021-06-17 17:23:50,449 INFO o.s.w.s.FrameworkServlet [http-nio-8080-exec-1] Completed initialization in 1 ms
