2021-06-07 01:36:36,739 INFO k.c.t.b.Bot [chtotibBot Telegram Executor] Получили новый update: Update(updateId=258915766, message=Message(messageId=11857, from=User(id=977606227, firstName=Арсений, isBot=false, lastName=Карманов, userName=l_karmanchik_l, languageCode=ru, canJoinGroups=null, canReadAllGroupMessages=null, supportInlineQueries=null), date=1622997396, chat=Chat(id=977606227, type=private, title=null, firstName=Арсений, lastName=Карманов, userName=l_karmanchik_l, allMembersAreAdministrators=null, photo=null, description=null, inviteLink=null, pinnedMessage=null, stickerSetName=null, canSetStickerSet=null, permissions=null, slowModeDelay=null, bio=null, linkedChatId=null, location=null, messageAutoDeleteTime=null), forwardFrom=null, forwardFromChat=null, forwardDate=null, text=2, entities=null, captionEntities=null, audio=null, document=null, photo=null, sticker=null, video=null, contact=null, location=null, venue=null, animation=null, pinnedMessage=null, newChatMembers=[], leftChatMember=null, newChatTitle=null, newChatPhoto=null, deleteChatPhoto=null, groupchatCreated=null, replyToMessage=null, voice=null, caption=null, superGroupCreated=null, channelChatCreated=null, migrateToChatId=null, migrateFromChatId=null, editDate=null, game=null, forwardFromMessageId=null, invoice=null, successfulPayment=null, videoNote=null, authorSignature=null, forwardSignature=null, mediaGroupId=null, connectedWebsite=null, passportData=null, forwardSenderName=null, poll=null, replyMarkup=null, dice=null, viaBot=null, senderChat=null, proximityAlertTriggered=null, messageAutoDeleteTimerChanged=null, voiceChatStarted=null, voiceChatEnded=null, voiceChatParticipantsInvited=null, voiceChatScheduled=null), inlineQuery=null, chosenInlineQuery=null, callbackQuery=null, editedMessage=null, channelPost=null, editedChannelPost=null, shippingQuery=null, preCheckoutQuery=null, poll=null, pollAnswer=null, myChatMember=null, chatMember=null)
2021-06-07 01:36:36,767 INFO k.c.t.b.UpdateReceiver [chtotibBot Telegram Executor] ChatUser - ChatUser{id=103446, chatId=977606227, userName='l_karmanchik_l', botState=AUTHORIZED, userState=NONE, role=STUDENT}
2021-06-07 01:36:36,790 INFO k.c.t.b.Bot [chtotibBot Telegram Executor] Новый объект для отправки: SendMessage(chatId=977606227, text=Расписание <b>ТОРА-20-1к</b>:
<b>---------------------------------------------</b>
<b>понедельник</b>:
	I	<b>|</b>	Физика	<b>|</b>	39	<b>|</b>	Кисель С.Д., Ковалева В.В.
	II	<b>|</b>	Иностр. язык	<b>|</b>	204,207	<b>|</b>	Чернецкая В.Н., Толстоногова А.А.
	III	<b>|</b>	История	<b>|</b>	64	<b>|</b>	Турчина Т.С.
	IV	<b>|</b>	Математика	<b>|</b>	64	<b>|</b>	Цымпилова Б.Д.
<b>---------------------------------------------</b>
<b>вторник</b>:
	I	<b>|</b>	Астрономия	<b>|</b>	39	<b>|</b>	Федорова Н.Г.
	II	<b>|</b>	Русский язык	<b>|</b>	202	<b>|</b>	Журавлева Л.Б.
	III	<b>|</b>	История	<b>|</b>	202	<b>|</b>	Турчина Т.С.
	IV	<b>|</b>	Обществознание	<b>|</b>	202	<b>|</b>	Турчина Т.С.
<b>---------------------------------------------</b>
<b>среда</b>:
	I	<b>|</b>	Информ.I п	<b>|</b>	29	<b>|</b>	Макаров С.А.
	II	<b>|</b>	Обществознание	<b>|</b>	23	<b>|</b>	Турчина Т.С.
	III	<b>|</b>	Физ. культура	<b>|</b>	-	<b>|</b>	Селин А.И.
	IV	<b>|</b>	Литература	<b>|</b>	39	<b>|</b>	Журавлева Л.Б.
<b>---------------------------------------------</b>
<b>четверг</b>:
	I	<b>|</b>	Информ.II п	<b>|</b>	29	<b>|</b>	Макаров С.А.
	II	<b>|</b>	ОБЖ	<b>|</b>	317	<b>|</b>	Воронецкая А.И.
	III	<b>|</b>	Математика	<b>|</b>	317	<b>|</b>	Цымпилова Б.Д.
	IV	<b>|</b>	Классный час	<b>|</b>	39	<b>|</b>	Федорова Н.Г.
<b>---------------------------------------------</b>
<b>пятница</b>:
	I	<b>|</b>	Математика	<b>|</b>	39	<b>|</b>	Цымпилова Б.Д.
	II	<b>|</b>	Родная литература	<b>|</b>	300	<b>|</b>	Журавлева Л.Б.
	III	<b>|</b>	Химия	<b>|</b>	306	<b>|</b>	Швецова Д.О.
	IV	<b>|</b>	ОБЖ	<b>|</b>	39	<b>|</b>	Воронецкая А.И.
, parseMode=html, disableWebPagePreview=null, disableNotification=null, replyToMessageId=null, replyMarkup=null, entities=null, allowSendingWithoutReply=null)
2021-06-07 01:36:37,351 INFO k.c.t.b.Bot [chtotibBot Telegram Executor] Новый объект для отправки: SendMessage(chatId=977606227, text=1.	Расписание на <b>07 июня</b> (понедельник)
2.	Расписание на эту неделю (нижняя)
3.	Узнать расписание педагога
4.	Изменить анкету, parseMode=html, disableWebPagePreview=null, disableNotification=null, replyToMessageId=null, replyMarkup=ReplyKeyboardMarkup(keyboard=[[KeyboardButton(text=1, requestContact=null, requestLocation=null, requestPoll=null), KeyboardButton(text=2, requestContact=null, requestLocation=null, requestPoll=null), KeyboardButton(text=3, requestContact=null, requestLocation=null, requestPoll=null), KeyboardButton(text=4, requestContact=null, requestLocation=null, requestPoll=null)]], resizeKeyboard=true, oneTimeKeyboard=false, selective=false), entities=null, allowSendingWithoutReply=null)
2021-06-07 10:40:26,244 INFO k.c.t.b.Bot [chtotibBot Telegram Executor] Получили новый update: Update(updateId=258915767, message=Message(messageId=11860, from=User(id=970883063, firstName=Angibur, isBot=false, lastName=Gerbing, userName=null, languageCode=ru, canJoinGroups=null, canReadAllGroupMessages=null, supportInlineQueries=null), date=1623030026, chat=Chat(id=970883063, type=private, title=null, firstName=Angibur, lastName=Gerbing, userName=null, allMembersAreAdministrators=null, photo=null, description=null, inviteLink=null, pinnedMessage=null, stickerSetName=null, canSetStickerSet=null, permissions=null, slowModeDelay=null, bio=null, linkedChatId=null, location=null, messageAutoDeleteTime=null), forwardFrom=null, forwardFromChat=null, forwardDate=null, text=3, entities=null, captionEntities=null, audio=null, document=null, photo=null, sticker=null, video=null, contact=null, location=null, venue=null, animation=null, pinnedMessage=null, newChatMembers=[], leftChatMember=null, newChatTitle=null, newChatPhoto=null, deleteChatPhoto=null, groupchatCreated=null, replyToMessage=null, voice=null, caption=null, superGroupCreated=null, channelChatCreated=null, migrateToChatId=null, migrateFromChatId=null, editDate=null, game=null, forwardFromMessageId=null, invoice=null, successfulPayment=null, videoNote=null, authorSignature=null, forwardSignature=null, mediaGroupId=null, connectedWebsite=null, passportData=null, forwardSenderName=null, poll=null, replyMarkup=null, dice=null, viaBot=null, senderChat=null, proximityAlertTriggered=null, messageAutoDeleteTimerChanged=null, voiceChatStarted=null, voiceChatEnded=null, voiceChatParticipantsInvited=null, voiceChatScheduled=null), inlineQuery=null, chosenInlineQuery=null, callbackQuery=null, editedMessage=null, channelPost=null, editedChannelPost=null, shippingQuery=null, preCheckoutQuery=null, poll=null, pollAnswer=null, myChatMember=null, chatMember=null)
2021-06-07 10:40:26,269 INFO k.c.t.b.UpdateReceiver [chtotibBot Telegram Executor] ChatUser - ChatUser{id=103495, chatId=970883063, userName='null', botState=AUTHORIZED, userState=NONE, role=STUDENT}
2021-06-07 10:40:26,291 INFO k.c.t.b.Bot [chtotibBot Telegram Executor] Новый объект для отправки: SendMessage(chatId=970883063, text=Введите фамилию..., parseMode=html, disableWebPagePreview=null, disableNotification=null, replyToMessageId=null, replyMarkup=null, entities=null, allowSendingWithoutReply=null)
2021-06-07 10:40:35,931 INFO k.c.t.b.Bot [chtotibBot Telegram Executor] Получили новый update: Update(updateId=258915768, message=Message(messageId=11862, from=User(id=970883063, firstName=Angibur, isBot=false, lastName=Gerbing, userName=null, languageCode=ru, canJoinGroups=null, canReadAllGroupMessages=null, supportInlineQueries=null), date=1623030035, chat=Chat(id=970883063, type=private, title=null, firstName=Angibur, lastName=Gerbing, userName=null, allMembersAreAdministrators=null, photo=null, description=null, inviteLink=null, pinnedMessage=null, stickerSetName=null, canSetStickerSet=null, permissions=null, slowModeDelay=null, bio=null, linkedChatId=null, location=null, messageAutoDeleteTime=null), forwardFrom=null, forwardFromChat=null, forwardDate=null, text=Туркова, entities=null, captionEntities=null, audio=null, document=null, photo=null, sticker=null, video=null, contact=null, location=null, venue=null, animation=null, pinnedMessage=null, newChatMembers=[], leftChatMember=null, newChatTitle=null, newChatPhoto=null, deleteChatPhoto=null, groupchatCreated=null, replyToMessage=null, voice=null, caption=null, superGroupCreated=null, channelChatCreated=null, migrateToChatId=null, migrateFromChatId=null, editDate=null, game=null, forwardFromMessageId=null, invoice=null, successfulPayment=null, videoNote=null, authorSignature=null, forwardSignature=null, mediaGroupId=null, connectedWebsite=null, passportData=null, forwardSenderName=null, poll=null, replyMarkup=null, dice=null, viaBot=null, senderChat=null, proximityAlertTriggered=null, messageAutoDeleteTimerChanged=null, voiceChatStarted=null, voiceChatEnded=null, voiceChatParticipantsInvited=null, voiceChatScheduled=null), inlineQuery=null, chosenInlineQuery=null, callbackQuery=null, editedMessage=null, channelPost=null, editedChannelPost=null, shippingQuery=null, preCheckoutQuery=null, poll=null, pollAnswer=null, myChatMember=null, chatMember=null)
2021-06-07 10:40:35,939 INFO k.c.t.b.UpdateReceiver [chtotibBot Telegram Executor] ChatUser - ChatUser{id=103495, chatId=970883063, userName='null', botState=AUTHORIZED, userState=INPUT_TEXT, role=STUDENT}
2021-06-07 10:40:35,957 INFO k.c.t.b.Bot [chtotibBot Telegram Executor] Новый объект для отправки: SendMessage(chatId=970883063, text=Выберите педагога, parseMode=html, disableWebPagePreview=null, disableNotification=null, replyToMessageId=null, replyMarkup=InlineKeyboardMarkup(keyboard=[[InlineKeyboardButton(text=Туркова С.В., url=null, callbackData=101997, callbackGame=null, switchInlineQuery=null, switchInlineQueryCurrentChat=null, pay=null, loginUrl=null)]]), entities=null, allowSendingWithoutReply=null)
2021-06-07 10:40:36,109 INFO k.c.t.b.Bot [chtotibBot Telegram Executor] Новый объект для отправки: SendMessage(chatId=970883063, text=..., parseMode=html, disableWebPagePreview=null, disableNotification=null, replyToMessageId=null, replyMarkup=ReplyKeyboardMarkup(keyboard=[[KeyboardButton(text=Назад, requestContact=null, requestLocation=null, requestPoll=null)]], resizeKeyboard=true, oneTimeKeyboard=true, selective=false), entities=null, allowSendingWithoutReply=null)
2021-06-07 10:40:38,423 INFO k.c.t.b.Bot [chtotibBot Telegram Executor] Получили новый update: Update(updateId=258915769, message=null, inlineQuery=null, chosenInlineQuery=null, callbackQuery=CallbackQuery(id=4169911004776792489, from=User(id=970883063, firstName=Angibur, isBot=false, lastName=Gerbing, userName=null, languageCode=ru, canJoinGroups=null, canReadAllGroupMessages=null, supportInlineQueries=null), message=Message(messageId=11863, from=User(id=1561541329, firstName=ЧТОТиБ Бот, isBot=true, lastName=null, userName=chtotibBot, languageCode=null, canJoinGroups=null, canReadAllGroupMessages=null, supportInlineQueries=null), date=1623030036, chat=Chat(id=970883063, type=private, title=null, firstName=Angibur, lastName=Gerbing, userName=null, allMembersAreAdministrators=null, photo=null, description=null, inviteLink=null, pinnedMessage=null, stickerSetName=null, canSetStickerSet=null, permissions=null, slowModeDelay=null, bio=null, linkedChatId=null, location=null, messageAutoDeleteTime=null), forwardFrom=null, forwardFromChat=null, forwardDate=null, text=Выберите педагога, entities=null, captionEntities=null, audio=null, document=null, photo=null, sticker=null, video=null, contact=null, location=null, venue=null, animation=null, pinnedMessage=null, newChatMembers=[], leftChatMember=null, newChatTitle=null, newChatPhoto=null, deleteChatPhoto=null, groupchatCreated=null, replyToMessage=null, voice=null, caption=null, superGroupCreated=null, channelChatCreated=null, migrateToChatId=null, migrateFromChatId=null, editDate=null, game=null, forwardFromMessageId=null, invoice=null, successfulPayment=null, videoNote=null, authorSignature=null, forwardSignature=null, mediaGroupId=null, connectedWebsite=null, passportData=null, forwardSenderName=null, poll=null, replyMarkup=InlineKeyboardMarkup(keyboard=[[InlineKeyboardButton(text=Туркова С.В., url=null, callbackData=101997, callbackGame=null, switchInlineQuery=null, switchInlineQueryCurrentChat=null, pay=null, loginUrl=null)]]), dice=null, viaBot=null, senderChat=null, proximityAlertTriggered=null, messageAutoDeleteTimerChanged=null, voiceChatStarted=null, voiceChatEnded=null, voiceChatParticipantsInvited=null, voiceChatScheduled=null), inlineMessageId=null, data=101997, gameShortName=null, chatInstance=-4141332865749286413), editedMessage=null, channelPost=null, editedChannelPost=null, shippingQuery=null, preCheckoutQuery=null, poll=null, pollAnswer=null, myChatMember=null, chatMember=null)
2021-06-07 10:40:38,427 INFO k.c.t.b.UpdateReceiver [chtotibBot Telegram Executor] ChatUser - ChatUser{id=103495, chatId=970883063, userName='null', botState=AUTHORIZED, userState=SELECT_TEACHER, role=STUDENT}
2021-06-07 10:40:38,655 INFO k.c.t.b.Bot [chtotibBot Telegram Executor] Новый объект для отправки: SendMessage(chatId=970883063, text=Расписание <b>Туркова С.В.</b>:
<b>---------------------------------------------</b>
<b>понедельник</b>:
	I	<b>|</b>	Иностр. язык	<b>|</b>	58	<b>|</b>	ИКСиС-20-1
	II	<b>|</b>	Иностр. язык	<b>|</b>	200	<b>|</b>	ИСИП-19-1п
	III	<b>|</b>	Иностр. язык	<b>|</b>	312	<b>|</b>	СЭЗС-20-2
<b>---------------------------------------------</b>
<b>вторник</b>:
	I	<b>|</b>	Иностр. язык	<b>|</b>	23	<b>|</b>	ИСиП-20-3в
	II	<b>|</b>	Иностранный язык	<b>|</b>	7	<b>|</b>	СДМ-18-1
	III	<b>|</b>	Иностр. язык	<b>|</b>	300	<b>|</b>	ИСиП-20-2п
	IV	<b>|</b>	Иностр. язык	<b>|</b>	33	<b>|</b>	СиС-19-1
<b>---------------------------------------------</b>
<b>среда</b>:
	I	<b>|</b>	Иностр. язык	<b>|</b>	31	<b>|</b>	ИСиП-20-1п
	II	<b>|</b>	Иностр. язык	<b>|</b>	212	<b>|</b>	СДМ-19-1
	III	<b>|</b>	Иностранный язык	<b>|</b>	214	<b>|</b>	СИС-18-1
	IV	<b>|</b>	Иностр. язык	<b>|</b>	216	<b>|</b>	ИСИП-19-2в
	V	<b>|</b>	Ин.язык	<b>|</b>	205	<b>|</b>	УМД-17-1
<b>---------------------------------------------</b>
<b>четверг</b>:
	I	<b>|</b>	Иностр. язык	<b>|</b>	23	<b>|</b>	ИСиП-20-3в
	II	<b>|</b>	Иностр. язык	<b>|</b>	206	<b>|</b>	СДМ-20-1
	III	<b>|</b>	Иностр. язык	<b>|</b>	302	<b>|</b>	ИСиП-20-2п
<b>---------------------------------------------</b>
<b>пятница</b>:
	I	<b>|</b>	Иностр. язык	<b>|</b>	312	<b>|</b>	СЭЗС-20-2
	II	<b>|</b>	Иностранный язык	<b>|</b>	216	<b>|</b>	ИСИП-18-1
	III	<b>|</b>	Иностр. язык	<b>|</b>	200	<b>|</b>	СиС-20-1
, parseMode=html, disableWebPagePreview=null, disableNotification=null, replyToMessageId=null, replyMarkup=null, entities=null, allowSendingWithoutReply=null)
2021-06-07 10:40:38,822 INFO k.c.t.b.Bot [chtotibBot Telegram Executor] Новый объект для отправки: SendMessage(chatId=970883063, text=1.	Расписание на <b>07 июня</b> (понедельник)
2.	Расписание на эту неделю (нижняя)
3.	Узнать расписание педагога
4.	Изменить анкету, parseMode=html, disableWebPagePreview=null, disableNotification=null, replyToMessageId=null, replyMarkup=ReplyKeyboardMarkup(keyboard=[[KeyboardButton(text=1, requestContact=null, requestLocation=null, requestPoll=null), KeyboardButton(text=2, requestContact=null, requestLocation=null, requestPoll=null), KeyboardButton(text=3, requestContact=null, requestLocation=null, requestPoll=null), KeyboardButton(text=4, requestContact=null, requestLocation=null, requestPoll=null)]], resizeKeyboard=true, oneTimeKeyboard=false, selective=false), entities=null, allowSendingWithoutReply=null)
2021-06-07 11:13:37,346 INFO k.c.t.b.Bot [chtotibBot Telegram Executor] Получили новый update: Update(updateId=258915770, message=Message(messageId=11867, from=User(id=1235483666, firstName=Доржи, isBot=false, lastName=Гомбожапов, userName=dorzhik06, languageCode=ru, canJoinGroups=null, canReadAllGroupMessages=null, supportInlineQueries=null), date=1623032017, chat=Chat(id=1235483666, type=private, title=null, firstName=Доржи, lastName=Гомбожапов, userName=dorzhik06, allMembersAreAdministrators=null, photo=null, description=null, inviteLink=null, pinnedMessage=null, stickerSetName=null, canSetStickerSet=null, permissions=null, slowModeDelay=null, bio=null, linkedChatId=null, location=null, messageAutoDeleteTime=null), forwardFrom=null, forwardFromChat=null, forwardDate=null, text=4, entities=null, captionEntities=null, audio=null, document=null, photo=null, sticker=null, video=null, contact=null, location=null, venue=null, animation=null, pinnedMessage=null, newChatMembers=[], leftChatMember=null, newChatTitle=null, newChatPhoto=null, deleteChatPhoto=null, groupchatCreated=null, replyToMessage=null, voice=null, caption=null, superGroupCreated=null, channelChatCreated=null, migrateToChatId=null, migrateFromChatId=null, editDate=null, game=null, forwardFromMessageId=null, invoice=null, successfulPayment=null, videoNote=null, authorSignature=null, forwardSignature=null, mediaGroupId=null, connectedWebsite=null, passportData=null, forwardSenderName=null, poll=null, replyMarkup=null, dice=null, viaBot=null, senderChat=null, proximityAlertTriggered=null, messageAutoDeleteTimerChanged=null, voiceChatStarted=null, voiceChatEnded=null, voiceChatParticipantsInvited=null, voiceChatScheduled=null), inlineQuery=null, chosenInlineQuery=null, callbackQuery=null, editedMessage=null, channelPost=null, editedChannelPost=null, shippingQuery=null, preCheckoutQuery=null, poll=null, pollAnswer=null, myChatMember=null, chatMember=null)
2021-06-07 11:13:37,369 INFO k.c.t.b.UpdateReceiver [chtotibBot Telegram Executor] ChatUser - ChatUser{id=103496, chatId=1235483666, userName='dorzhik06', botState=AUTHORIZED, userState=NONE, role=TEACHER}
2021-06-07 11:13:37,398 INFO k.c.t.b.Bot [chtotibBot Telegram Executor] Новый объект для отправки: SendMessage(chatId=1235483666, text=Кто ты?, parseMode=html, disableWebPagePreview=null, disableNotification=null, replyToMessageId=null, replyMarkup=ReplyKeyboardMarkup(keyboard=[[KeyboardButton(text=Студент, requestContact=null, requestLocation=null, requestPoll=null), KeyboardButton(text=Педагог, requestContact=null, requestLocation=null, requestPoll=null)]], resizeKeyboard=true, oneTimeKeyboard=true, selective=false), entities=null, allowSendingWithoutReply=null)
2021-06-07 11:13:41,237 INFO k.c.t.b.Bot [chtotibBot Telegram Executor] Получили новый update: Update(updateId=258915771, message=Message(messageId=11869, from=User(id=1235483666, firstName=Доржи, isBot=false, lastName=Гомбожапов, userName=dorzhik06, languageCode=ru, canJoinGroups=null, canReadAllGroupMessages=null, supportInlineQueries=null), date=1623032021, chat=Chat(id=1235483666, type=private, title=null, firstName=Доржи, lastName=Гомбожапов, userName=dorzhik06, allMembersAreAdministrators=null, photo=null, description=null, inviteLink=null, pinnedMessage=null, stickerSetName=null, canSetStickerSet=null, permissions=null, slowModeDelay=null, bio=null, linkedChatId=null, location=null, messageAutoDeleteTime=null), forwardFrom=null, forwardFromChat=null, forwardDate=null, text=Педагог, entities=null, captionEntities=null, audio=null, document=null, photo=null, sticker=null, video=null, contact=null, location=null, venue=null, animation=null, pinnedMessage=null, newChatMembers=[], leftChatMember=null, newChatTitle=null, newChatPhoto=null, deleteChatPhoto=null, groupchatCreated=null, replyToMessage=null, voice=null, caption=null, superGroupCreated=null, channelChatCreated=null, migrateToChatId=null, migrateFromChatId=null, editDate=null, game=null, forwardFromMessageId=null, invoice=null, successfulPayment=null, videoNote=null, authorSignature=null, forwardSignature=null, mediaGroupId=null, connectedWebsite=null, passportData=null, forwardSenderName=null, poll=null, replyMarkup=null, dice=null, viaBot=null, senderChat=null, proximityAlertTriggered=null, messageAutoDeleteTimerChanged=null, voiceChatStarted=null, voiceChatEnded=null, voiceChatParticipantsInvited=null, voiceChatScheduled=null), inlineQuery=null, chosenInlineQuery=null, callbackQuery=null, editedMessage=null, channelPost=null, editedChannelPost=null, shippingQuery=null, preCheckoutQuery=null, poll=null, pollAnswer=null, myChatMember=null, chatMember=null)
2021-06-07 11:13:41,240 INFO k.c.t.b.UpdateReceiver [chtotibBot Telegram Executor] ChatUser - ChatUser{id=103496, chatId=1235483666, userName='dorzhik06', botState=REG, userState=SELECT_ROLE, role=TEACHER}
2021-06-07 11:13:41,267 INFO k.c.t.b.Bot [chtotibBot Telegram Executor] Новый объект для отправки: SendMessage(chatId=1235483666, text=Введите фамилию..., parseMode=html, disableWebPagePreview=null, disableNotification=null, replyToMessageId=null, replyMarkup=null, entities=null, allowSendingWithoutReply=null)
2021-06-07 11:13:47,063 INFO k.c.t.b.Bot [chtotibBot Telegram Executor] Получили новый update: Update(updateId=258915772, message=Message(messageId=11871, from=User(id=1235483666, firstName=Доржи, isBot=false, lastName=Гомбожапов, userName=dorzhik06, languageCode=ru, canJoinGroups=null, canReadAllGroupMessages=null, supportInlineQueries=null), date=1623032026, chat=Chat(id=1235483666, type=private, title=null, firstName=Доржи, lastName=Гомбожапов, userName=dorzhik06, allMembersAreAdministrators=null, photo=null, description=null, inviteLink=null, pinnedMessage=null, stickerSetName=null, canSetStickerSet=null, permissions=null, slowModeDelay=null, bio=null, linkedChatId=null, location=null, messageAutoDeleteTime=null), forwardFrom=null, forwardFromChat=null, forwardDate=null, text=Туркова, entities=null, captionEntities=null, audio=null, document=null, photo=null, sticker=null, video=null, contact=null, location=null, venue=null, animation=null, pinnedMessage=null, newChatMembers=[], leftChatMember=null, newChatTitle=null, newChatPhoto=null, deleteChatPhoto=null, groupchatCreated=null, replyToMessage=null, voice=null, caption=null, superGroupCreated=null, channelChatCreated=null, migrateToChatId=null, migrateFromChatId=null, editDate=null, game=null, forwardFromMessageId=null, invoice=null, successfulPayment=null, videoNote=null, authorSignature=null, forwardSignature=null, mediaGroupId=null, connectedWebsite=null, passportData=null, forwardSenderName=null, poll=null, replyMarkup=null, dice=null, viaBot=null, senderChat=null, proximityAlertTriggered=null, messageAutoDeleteTimerChanged=null, voiceChatStarted=null, voiceChatEnded=null, voiceChatParticipantsInvited=null, voiceChatScheduled=null), inlineQuery=null, chosenInlineQuery=null, callbackQuery=null, editedMessage=null, channelPost=null, editedChannelPost=null, shippingQuery=null, preCheckoutQuery=null, poll=null, pollAnswer=null, myChatMember=null, chatMember=null)
2021-06-07 11:13:47,067 INFO k.c.t.b.UpdateReceiver [chtotibBot Telegram Executor] ChatUser - ChatUser{id=103496, chatId=1235483666, userName='dorzhik06', botState=REG, userState=INPUT_TEXT, role=TEACHER}
2021-06-07 11:13:47,095 INFO k.c.t.b.Bot [chtotibBot Telegram Executor] Новый объект для отправки: SendMessage(chatId=1235483666, text=Выберите педагога:, parseMode=html, disableWebPagePreview=null, disableNotification=null, replyToMessageId=null, replyMarkup=InlineKeyboardMarkup(keyboard=[[InlineKeyboardButton(text=Туркова С.В., url=null, callbackData=101997, callbackGame=null, switchInlineQuery=null, switchInlineQueryCurrentChat=null, pay=null, loginUrl=null)]]), entities=null, allowSendingWithoutReply=null)
2021-06-07 11:13:47,339 INFO k.c.t.b.Bot [chtotibBot Telegram Executor] Новый объект для отправки: SendMessage(chatId=1235483666, text=...?, parseMode=html, disableWebPagePreview=null, disableNotification=null, replyToMessageId=null, replyMarkup=ReplyKeyboardMarkup(keyboard=[[KeyboardButton(text=Назад, requestContact=null, requestLocation=null, requestPoll=null)]], resizeKeyboard=true, oneTimeKeyboard=true, selective=false), entities=null, allowSendingWithoutReply=null)
2021-06-07 11:13:48,979 INFO k.c.t.b.Bot [chtotibBot Telegram Executor] Получили новый update: Update(updateId=258915773, message=null, inlineQuery=null, chosenInlineQuery=null, callbackQuery=CallbackQuery(id=5306361943318205511, from=User(id=1235483666, firstName=Доржи, isBot=false, lastName=Гомбожапов, userName=dorzhik06, languageCode=ru, canJoinGroups=null, canReadAllGroupMessages=null, supportInlineQueries=null), message=Message(messageId=11872, from=User(id=1561541329, firstName=ЧТОТиБ Бот, isBot=true, lastName=null, userName=chtotibBot, languageCode=null, canJoinGroups=null, canReadAllGroupMessages=null, supportInlineQueries=null), date=1623032027, chat=Chat(id=1235483666, type=private, title=null, firstName=Доржи, lastName=Гомбожапов, userName=dorzhik06, allMembersAreAdministrators=null, photo=null, description=null, inviteLink=null, pinnedMessage=null, stickerSetName=null, canSetStickerSet=null, permissions=null, slowModeDelay=null, bio=null, linkedChatId=null, location=null, messageAutoDeleteTime=null), forwardFrom=null, forwardFromChat=null, forwardDate=null, text=Выберите педагога:, entities=null, captionEntities=null, audio=null, document=null, photo=null, sticker=null, video=null, contact=null, location=null, venue=null, animation=null, pinnedMessage=null, newChatMembers=[], leftChatMember=null, newChatTitle=null, newChatPhoto=null, deleteChatPhoto=null, groupchatCreated=null, replyToMessage=null, voice=null, caption=null, superGroupCreated=null, channelChatCreated=null, migrateToChatId=null, migrateFromChatId=null, editDate=null, game=null, forwardFromMessageId=null, invoice=null, successfulPayment=null, videoNote=null, authorSignature=null, forwardSignature=null, mediaGroupId=null, connectedWebsite=null, passportData=null, forwardSenderName=null, poll=null, replyMarkup=InlineKeyboardMarkup(keyboard=[[InlineKeyboardButton(text=Туркова С.В., url=null, callbackData=101997, callbackGame=null, switchInlineQuery=null, switchInlineQueryCurrentChat=null, pay=null, loginUrl=null)]]), dice=null, viaBot=null, senderChat=null, proximityAlertTriggered=null, messageAutoDeleteTimerChanged=null, voiceChatStarted=null, voiceChatEnded=null, voiceChatParticipantsInvited=null, voiceChatScheduled=null), inlineMessageId=null, data=101997, gameShortName=null, chatInstance=-2166540931120474966), editedMessage=null, channelPost=null, editedChannelPost=null, shippingQuery=null, preCheckoutQuery=null, poll=null, pollAnswer=null, myChatMember=null, chatMember=null)
2021-06-07 11:13:48,983 INFO k.c.t.b.UpdateReceiver [chtotibBot Telegram Executor] ChatUser - ChatUser{id=103496, chatId=1235483666, userName='dorzhik06', botState=REG, userState=SELECT_TEACHER, role=TEACHER}
2021-06-07 11:13:49,084 INFO k.c.t.b.Bot [chtotibBot Telegram Executor] Новый объект для отправки: SendMessage(chatId=1235483666, text=1.	Расписание на <b>07 июня</b> (понедельник)
2.	Расписание на эту неделю (нижняя)
3.	Узнать расписание группы
4.	Изменить анкету, parseMode=html, disableWebPagePreview=null, disableNotification=null, replyToMessageId=null, replyMarkup=ReplyKeyboardMarkup(keyboard=[[KeyboardButton(text=1, requestContact=null, requestLocation=null, requestPoll=null), KeyboardButton(text=2, requestContact=null, requestLocation=null, requestPoll=null), KeyboardButton(text=3, requestContact=null, requestLocation=null, requestPoll=null), KeyboardButton(text=4, requestContact=null, requestLocation=null, requestPoll=null)]], resizeKeyboard=true, oneTimeKeyboard=false, selective=false), entities=null, allowSendingWithoutReply=null)
2021-06-07 11:13:51,088 INFO k.c.t.b.Bot [chtotibBot Telegram Executor] Получили новый update: Update(updateId=258915774, message=Message(messageId=11875, from=User(id=1235483666, firstName=Доржи, isBot=false, lastName=Гомбожапов, userName=dorzhik06, languageCode=ru, canJoinGroups=null, canReadAllGroupMessages=null, supportInlineQueries=null), date=1623032031, chat=Chat(id=1235483666, type=private, title=null, firstName=Доржи, lastName=Гомбожапов, userName=dorzhik06, allMembersAreAdministrators=null, photo=null, description=null, inviteLink=null, pinnedMessage=null, stickerSetName=null, canSetStickerSet=null, permissions=null, slowModeDelay=null, bio=null, linkedChatId=null, location=null, messageAutoDeleteTime=null), forwardFrom=null, forwardFromChat=null, forwardDate=null, text=1, entities=null, captionEntities=null, audio=null, document=null, photo=null, sticker=null, video=null, contact=null, location=null, venue=null, animation=null, pinnedMessage=null, newChatMembers=[], leftChatMember=null, newChatTitle=null, newChatPhoto=null, deleteChatPhoto=null, groupchatCreated=null, replyToMessage=null, voice=null, caption=null, superGroupCreated=null, channelChatCreated=null, migrateToChatId=null, migrateFromChatId=null, editDate=null, game=null, forwardFromMessageId=null, invoice=null, successfulPayment=null, videoNote=null, authorSignature=null, forwardSignature=null, mediaGroupId=null, connectedWebsite=null, passportData=null, forwardSenderName=null, poll=null, replyMarkup=null, dice=null, viaBot=null, senderChat=null, proximityAlertTriggered=null, messageAutoDeleteTimerChanged=null, voiceChatStarted=null, voiceChatEnded=null, voiceChatParticipantsInvited=null, voiceChatScheduled=null), inlineQuery=null, chosenInlineQuery=null, callbackQuery=null, editedMessage=null, channelPost=null, editedChannelPost=null, shippingQuery=null, preCheckoutQuery=null, poll=null, pollAnswer=null, myChatMember=null, chatMember=null)
2021-06-07 11:13:51,092 INFO k.c.t.b.UpdateReceiver [chtotibBot Telegram Executor] ChatUser - ChatUser{id=103496, chatId=1235483666, userName='dorzhik06', botState=AUTHORIZED, userState=NONE, role=TEACHER}
2021-06-07 11:13:51,328 INFO k.c.t.b.Bot [chtotibBot Telegram Executor] Новый объект для отправки: SendMessage(chatId=1235483666, text=<b>---------------------------------------------</b>
Расписание <b>Туркова С.В.</b> на <b>07 июня</b> (понедельник):
<b>---------------------------------------------</b>
	I	<b>|</b>	Иностр. язык	<b>|</b>	58	<b>|</b>	ИКСиС-20-1
	II	<b>|</b>	Иностр. язык	<b>|</b>	200	<b>|</b>	ИСИП-19-1п
	III	<b>|</b>	Иностр. язык	<b>|</b>	312	<b>|</b>	СЭЗС-20-2
<b>---------------------------------------------</b>
Замены нет.
<b>---------------------------------------------</b>
, parseMode=html, disableWebPagePreview=null, disableNotification=null, replyToMessageId=null, replyMarkup=null, entities=null, allowSendingWithoutReply=null)
2021-06-07 11:13:51,516 INFO k.c.t.b.Bot [chtotibBot Telegram Executor] Новый объект для отправки: SendMessage(chatId=1235483666, text=1.	Расписание на <b>07 июня</b> (понедельник)
2.	Расписание на эту неделю (нижняя)
3.	Узнать расписание группы
4.	Изменить анкету, parseMode=html, disableWebPagePreview=null, disableNotification=null, replyToMessageId=null, replyMarkup=ReplyKeyboardMarkup(keyboard=[[KeyboardButton(text=1, requestContact=null, requestLocation=null, requestPoll=null), KeyboardButton(text=2, requestContact=null, requestLocation=null, requestPoll=null), KeyboardButton(text=3, requestContact=null, requestLocation=null, requestPoll=null), KeyboardButton(text=4, requestContact=null, requestLocation=null, requestPoll=null)]], resizeKeyboard=true, oneTimeKeyboard=false, selective=false), entities=null, allowSendingWithoutReply=null)
2021-06-07 11:15:06,805 INFO k.c.t.b.Bot [chtotibBot Telegram Executor] Получили новый update: Update(updateId=258915775, message=Message(messageId=11878, from=User(id=1235483666, firstName=Доржи, isBot=false, lastName=Гомбожапов, userName=dorzhik06, languageCode=ru, canJoinGroups=null, canReadAllGroupMessages=null, supportInlineQueries=null), date=1623032106, chat=Chat(id=1235483666, type=private, title=null, firstName=Доржи, lastName=Гомбожапов, userName=dorzhik06, allMembersAreAdministrators=null, photo=null, description=null, inviteLink=null, pinnedMessage=null, stickerSetName=null, canSetStickerSet=null, permissions=null, slowModeDelay=null, bio=null, linkedChatId=null, location=null, messageAutoDeleteTime=null), forwardFrom=null, forwardFromChat=null, forwardDate=null, text=1, entities=null, captionEntities=null, audio=null, document=null, photo=null, sticker=null, video=null, contact=null, location=null, venue=null, animation=null, pinnedMessage=null, newChatMembers=[], leftChatMember=null, newChatTitle=null, newChatPhoto=null, deleteChatPhoto=null, groupchatCreated=null, replyToMessage=null, voice=null, caption=null, superGroupCreated=null, channelChatCreated=null, migrateToChatId=null, migrateFromChatId=null, editDate=null, game=null, forwardFromMessageId=null, invoice=null, successfulPayment=null, videoNote=null, authorSignature=null, forwardSignature=null, mediaGroupId=null, connectedWebsite=null, passportData=null, forwardSenderName=null, poll=null, replyMarkup=null, dice=null, viaBot=null, senderChat=null, proximityAlertTriggered=null, messageAutoDeleteTimerChanged=null, voiceChatStarted=null, voiceChatEnded=null, voiceChatParticipantsInvited=null, voiceChatScheduled=null), inlineQuery=null, chosenInlineQuery=null, callbackQuery=null, editedMessage=null, channelPost=null, editedChannelPost=null, shippingQuery=null, preCheckoutQuery=null, poll=null, pollAnswer=null, myChatMember=null, chatMember=null)
2021-06-07 11:15:06,817 INFO k.c.t.b.UpdateReceiver [chtotibBot Telegram Executor] ChatUser - ChatUser{id=103496, chatId=1235483666, userName='dorzhik06', botState=AUTHORIZED, userState=NONE, role=TEACHER}
2021-06-07 11:15:07,044 INFO k.c.t.b.Bot [chtotibBot Telegram Executor] Новый объект для отправки: SendMessage(chatId=1235483666, text=<b>---------------------------------------------</b>
Расписание <b>Туркова С.В.</b> на <b>07 июня</b> (понедельник):
<b>---------------------------------------------</b>
	I	<b>|</b>	Иностр. язык	<b>|</b>	58	<b>|</b>	ИКСиС-20-1
	II	<b>|</b>	Иностр. язык	<b>|</b>	200	<b>|</b>	ИСИП-19-1п
	III	<b>|</b>	Иностр. язык	<b>|</b>	312	<b>|</b>	СЭЗС-20-2
<b>---------------------------------------------</b>
Замены нет.
<b>---------------------------------------------</b>
, parseMode=html, disableWebPagePreview=null, disableNotification=null, replyToMessageId=null, replyMarkup=null, entities=null, allowSendingWithoutReply=null)
2021-06-07 11:15:07,471 INFO k.c.t.b.Bot [chtotibBot Telegram Executor] Новый объект для отправки: SendMessage(chatId=1235483666, text=1.	Расписание на <b>07 июня</b> (понедельник)
2.	Расписание на эту неделю (нижняя)
3.	Узнать расписание группы
4.	Изменить анкету, parseMode=html, disableWebPagePreview=null, disableNotification=null, replyToMessageId=null, replyMarkup=ReplyKeyboardMarkup(keyboard=[[KeyboardButton(text=1, requestContact=null, requestLocation=null, requestPoll=null), KeyboardButton(text=2, requestContact=null, requestLocation=null, requestPoll=null), KeyboardButton(text=3, requestContact=null, requestLocation=null, requestPoll=null), KeyboardButton(text=4, requestContact=null, requestLocation=null, requestPoll=null)]], resizeKeyboard=true, oneTimeKeyboard=false, selective=false), entities=null, allowSendingWithoutReply=null)
